<?xml version="1.0" encoding="UTF-8"?>
<testng-results skipped="0" failed="0" ignored="0" total="1" passed="1">
  <reporter-output>
  </reporter-output>
  <suite name="Default suite" duration-ms="75287" started-at="2019-02-27T07:44:14Z" finished-at="2019-02-27T07:45:29Z">
    <groups>
    </groups>
    <test name="Default test" duration-ms="75287" started-at="2019-02-27T07:44:14Z" finished-at="2019-02-27T07:45:29Z">
      <class name="com.qa.hs.keyword.tests.LoginTest">
        <test-method status="PASS" signature="loginTest()[pri:0, instance:com.qa.hs.keyword.tests.LoginTest@5e5792a0]" name="loginTest" duration-ms="75225" started-at="2019-02-27T07:44:14Z" finished-at="2019-02-27T07:45:29Z">
          <reporter-output>
          </reporter-output>
        </test-method> <!-- loginTest -->
      </class> <!-- com.qa.hs.keyword.tests.LoginTest -->
    </test> <!-- Default test -->
  </suite> <!-- Default suite -->
</testng-results>
